0 info it worked if it ends with ok
1 verbose cli [ '/usr/bin/node',
1 verbose cli   '/usr/bin/npm',
1 verbose cli   'i',
1 verbose cli   'npm',
1 verbose cli   'install',
1 verbose cli   '--save',
1 verbose cli   'git+https://git@github.com/DECENTfoundation/DCoreJS-SDK' ]
2 info using npm@3.5.2
3 info using node@v8.10.0
4 silly loadCurrentTree Starting
5 silly install loadCurrentTree
6 silly install readLocalPackageData
7 silly fetchPackageMetaData npm
8 silly fetchPackageMetaData install
9 silly fetchPackageMetaData git+https://git@github.com/DECENTfoundation/DCoreJS-SDK
10 silly fetchNamedPackageData npm
11 silly mapToRegistry name npm
12 silly mapToRegistry using default registry
13 silly mapToRegistry registry https://registry.npmjs.org/
14 silly mapToRegistry uri https://registry.npmjs.org/npm
15 silly fetchNamedPackageData install
16 silly mapToRegistry name install
17 silly mapToRegistry using default registry
18 silly mapToRegistry registry https://registry.npmjs.org/
19 silly mapToRegistry uri https://registry.npmjs.org/install
20 silly fetchOtherPackageData git+https://git@github.com/DECENTfoundation/DCoreJS-SDK
21 silly cache add args [ 'git+https://git@github.com/DECENTfoundation/DCoreJS-SDK',
21 silly cache add   null ]
22 verbose cache add spec git+https://git@github.com/DECENTfoundation/DCoreJS-SDK
23 silly cache add parsed spec Result {
23 silly cache add   raw: 'git+https://git@github.com/DECENTfoundation/DCoreJS-SDK',
23 silly cache add   scope: null,
23 silly cache add   name: null,
23 silly cache add   rawSpec: 'git+https://git@github.com/DECENTfoundation/DCoreJS-SDK',
23 silly cache add   spec: 'git+https://git@github.com/DECENTfoundation/DCoreJS-SDK.git',
23 silly cache add   type: 'hosted',
23 silly cache add   hosted:
23 silly cache add    { type: 'github',
23 silly cache add      ssh: 'git@github.com:DECENTfoundation/DCoreJS-SDK.git',
23 silly cache add      sshUrl: 'git+ssh://git@github.com/DECENTfoundation/DCoreJS-SDK.git',
23 silly cache add      httpsUrl: 'git+https://git@github.com/DECENTfoundation/DCoreJS-SDK.git',
23 silly cache add      gitUrl: 'git://git@github.com/DECENTfoundation/DCoreJS-SDK.git',
23 silly cache add      shortcut: 'github:DECENTfoundation/DCoreJS-SDK',
23 silly cache add      directUrl: 'https://git@raw.githubusercontent.com/DECENTfoundation/DCoreJS-SDK/master/package.json' } }
24 verbose addRemoteGit caching git+https://git@github.com/DECENTfoundation/DCoreJS-SDK
25 verbose addRemoteGit git+https://git@github.com/DECENTfoundation/DCoreJS-SDK.git is a repository hosted by github
26 silly tryClone cloning git+https://git@github.com/DECENTfoundation/DCoreJS-SDK.git via git+https://git@github.com/DECENTfoundation/DCoreJS-SDK.git
27 verbose tryClone git-https-git-github-com-DECENTfoundation-DCoreJS-SDK-git-51c984a0 not in flight; caching
28 verbose request uri https://registry.npmjs.org/install
29 verbose request no auth needed
30 info attempt registry request try #1 at 3:14:19 PM
31 verbose request id 5377dca0cf1ddcf0
32 verbose etag W/"192f575c7c240981c8fceb18fc7d6594"
33 verbose lastModified Fri, 04 Jan 2019 05:13:06 GMT
34 http request GET https://registry.npmjs.org/install
35 verbose request uri https://registry.npmjs.org/npm
36 verbose request no auth needed
37 info attempt registry request try #1 at 3:14:20 PM
38 verbose etag W/"f9a39a436e0bd7b6c1097cb47e09ff2e"
39 verbose lastModified Fri, 22 Mar 2019 12:47:10 GMT
40 http request GET https://registry.npmjs.org/npm
41 info git [ 'config', '--get', 'remote.origin.url' ]
42 silly validateExistingRemote git+https://git@github.com/DECENTfoundation/DCoreJS-SDK.git remote.origin.url: https://git@github.com/DECENTfoundation/DCoreJS-SDK.git
43 verbose validateExistingRemote git+https://git@github.com/DECENTfoundation/DCoreJS-SDK.git is updating existing cached remote /home/matej/.npm/_git-remotes/git-https-git-github-com-DECENTfoundation-DCoreJS-SDK-git-51c984a0
44 info git [ 'fetch', '-a', 'origin' ]
45 http 304 https://registry.npmjs.org/npm
46 verbose headers { date: 'Sat, 30 Mar 2019 14:14:20 GMT',
46 verbose headers   connection: 'keep-alive',
46 verbose headers   'set-cookie':
46 verbose headers    [ '__cfduid=d5a781392b007f7eb04fef298ebd0b7ed1553955260; expires=Sun, 29-Mar-20 14:14:20 GMT; path=/; domain=.registry.npmjs.org; HttpOnly' ],
46 verbose headers   'cf-cache-status': 'HIT',
46 verbose headers   'cache-control': 'max-age=300',
46 verbose headers   'cf-ray': '4bfab077eb7f3de4-PRG',
46 verbose headers   etag: '"f9a39a436e0bd7b6c1097cb47e09ff2e"',
46 verbose headers   'expect-ct': 'max-age=604800, report-uri="https://report-uri.cloudflare.com/cdn-cgi/beacon/expect-ct"',
46 verbose headers   'last-modified': 'Fri, 22 Mar 2019 12:47:10 GMT',
46 verbose headers   vary: 'accept-encoding, accept',
46 verbose headers   'x-amz-meta-rev': '2039-9b587745472c1d6d97ba88d8b6a963df',
46 verbose headers   server: 'cloudflare' }
47 silly get cb [ 304,
47 silly get   { date: 'Sat, 30 Mar 2019 14:14:20 GMT',
47 silly get     connection: 'keep-alive',
47 silly get     'set-cookie':
47 silly get      [ '__cfduid=d5a781392b007f7eb04fef298ebd0b7ed1553955260; expires=Sun, 29-Mar-20 14:14:20 GMT; path=/; domain=.registry.npmjs.org; HttpOnly' ],
47 silly get     'cf-cache-status': 'HIT',
47 silly get     'cache-control': 'max-age=300',
47 silly get     'cf-ray': '4bfab077eb7f3de4-PRG',
47 silly get     etag: '"f9a39a436e0bd7b6c1097cb47e09ff2e"',
47 silly get     'expect-ct': 'max-age=604800, report-uri="https://report-uri.cloudflare.com/cdn-cgi/beacon/expect-ct"',
47 silly get     'last-modified': 'Fri, 22 Mar 2019 12:47:10 GMT',
47 silly get     vary: 'accept-encoding, accept',
47 silly get     'x-amz-meta-rev': '2039-9b587745472c1d6d97ba88d8b6a963df',
47 silly get     server: 'cloudflare' } ]
48 verbose etag https://registry.npmjs.org/npm from cache
49 verbose get saving npm to /home/matej/.npm/registry.npmjs.org/npm/.cache.json
50 http 304 https://registry.npmjs.org/install
51 verbose headers { date: 'Sat, 30 Mar 2019 14:14:20 GMT',
51 verbose headers   connection: 'keep-alive',
51 verbose headers   'set-cookie':
51 verbose headers    [ '__cfduid=d6110182a7bc683e2a0104063ea9383601553955260; expires=Sun, 29-Mar-20 14:14:20 GMT; path=/; domain=.registry.npmjs.org; HttpOnly' ],
51 verbose headers   'cf-cache-status': 'HIT',
51 verbose headers   'cache-control': 'max-age=300',
51 verbose headers   'cf-ray': '4bfab077ece77b90-PRG',
51 verbose headers   etag: '"192f575c7c240981c8fceb18fc7d6594"',
51 verbose headers   'expect-ct': 'max-age=604800, report-uri="https://report-uri.cloudflare.com/cdn-cgi/beacon/expect-ct"',
51 verbose headers   'last-modified': 'Fri, 04 Jan 2019 05:13:06 GMT',
51 verbose headers   vary: 'accept-encoding, accept',
51 verbose headers   'x-amz-meta-rev': '79-6c585e9a4552dd1c801511edef707a1c',
51 verbose headers   server: 'cloudflare' }
52 silly get cb [ 304,
52 silly get   { date: 'Sat, 30 Mar 2019 14:14:20 GMT',
52 silly get     connection: 'keep-alive',
52 silly get     'set-cookie':
52 silly get      [ '__cfduid=d6110182a7bc683e2a0104063ea9383601553955260; expires=Sun, 29-Mar-20 14:14:20 GMT; path=/; domain=.registry.npmjs.org; HttpOnly' ],
52 silly get     'cf-cache-status': 'HIT',
52 silly get     'cache-control': 'max-age=300',
52 silly get     'cf-ray': '4bfab077ece77b90-PRG',
52 silly get     etag: '"192f575c7c240981c8fceb18fc7d6594"',
52 silly get     'expect-ct': 'max-age=604800, report-uri="https://report-uri.cloudflare.com/cdn-cgi/beacon/expect-ct"',
52 silly get     'last-modified': 'Fri, 04 Jan 2019 05:13:06 GMT',
52 silly get     vary: 'accept-encoding, accept',
52 silly get     'x-amz-meta-rev': '79-6c585e9a4552dd1c801511edef707a1c',
52 silly get     server: 'cloudflare' } ]
53 verbose etag https://registry.npmjs.org/install from cache
54 verbose get saving install to /home/matej/.npm/registry.npmjs.org/install/.cache.json
55 verbose updateRemote git fetch -a origin (https://git@github.com/DECENTfoundation/DCoreJS-SDK.git)
56 verbose setPermissions git+https://git@github.com/DECENTfoundation/DCoreJS-SDK.git set permissions on /home/matej/.npm/_git-remotes/git-https-git-github-com-DECENTfoundation-DCoreJS-SDK-git-51c984a0
57 verbose resolveHead git+https://git@github.com/DECENTfoundation/DCoreJS-SDK.git original treeish: master
58 info git [ 'rev-list', '-n1', 'master' ]
59 error git rev-list -n1 master: fatal: ambiguous argument 'master': unknown revision or path not in the working tree.
59 error git rev-list -n1 master: Use '--' to separate paths from revisions, like this:
59 error git rev-list -n1 master: 'git <command> [<revision>...] -- [<file>...]'
60 silly fetchPackageMetaData Error: Command failed: git rev-list -n1 master
60 silly fetchPackageMetaData fatal: ambiguous argument 'master': unknown revision or path not in the working tree.
60 silly fetchPackageMetaData Use '--' to separate paths from revisions, like this:
60 silly fetchPackageMetaData 'git <command> [<revision>...] -- [<file>...]'
60 silly fetchPackageMetaData
60 silly fetchPackageMetaData     at ChildProcess.exithandler (child_process.js:275:12)
60 silly fetchPackageMetaData     at emitTwo (events.js:126:13)
60 silly fetchPackageMetaData     at ChildProcess.emit (events.js:214:7)
60 silly fetchPackageMetaData     at maybeClose (internal/child_process.js:925:16)
60 silly fetchPackageMetaData     at Socket.stream.socket.on (internal/child_process.js:346:11)
60 silly fetchPackageMetaData     at emitOne (events.js:116:13)
60 silly fetchPackageMetaData     at Socket.emit (events.js:211:7)
60 silly fetchPackageMetaData     at Pipe._handle.close [as _onclose] (net.js:567:12)
60 silly fetchPackageMetaData  error for git+https://git@github.com/DECENTfoundation/DCoreJS-SDK { Error: Command failed: git rev-list -n1 master
60 silly fetchPackageMetaData fatal: ambiguous argument 'master': unknown revision or path not in the working tree.
60 silly fetchPackageMetaData Use '--' to separate paths from revisions, like this:
60 silly fetchPackageMetaData 'git <command> [<revision>...] -- [<file>...]'
60 silly fetchPackageMetaData
60 silly fetchPackageMetaData     at ChildProcess.exithandler (child_process.js:275:12)
60 silly fetchPackageMetaData     at emitTwo (events.js:126:13)
60 silly fetchPackageMetaData     at ChildProcess.emit (events.js:214:7)
60 silly fetchPackageMetaData     at maybeClose (internal/child_process.js:925:16)
60 silly fetchPackageMetaData     at Socket.stream.socket.on (internal/child_process.js:346:11)
60 silly fetchPackageMetaData     at emitOne (events.js:116:13)
60 silly fetchPackageMetaData     at Socket.emit (events.js:211:7)
60 silly fetchPackageMetaData     at Pipe._handle.close [as _onclose] (net.js:567:12)
60 silly fetchPackageMetaData   killed: false,
60 silly fetchPackageMetaData   code: 128,
60 silly fetchPackageMetaData   signal: null,
60 silly fetchPackageMetaData   cmd: 'git rev-list -n1 master' }
61 silly rollbackFailedOptional Starting
62 silly rollbackFailedOptional Finishing
63 silly runTopLevelLifecycles Starting
64 silly runTopLevelLifecycles Finishing
65 silly install printInstalled
66 verbose stack Error: Command failed: git rev-list -n1 master
66 verbose stack fatal: ambiguous argument 'master': unknown revision or path not in the working tree.
66 verbose stack Use '--' to separate paths from revisions, like this:
66 verbose stack 'git <command> [<revision>...] -- [<file>...]'
66 verbose stack
66 verbose stack     at ChildProcess.exithandler (child_process.js:275:12)
66 verbose stack     at emitTwo (events.js:126:13)
66 verbose stack     at ChildProcess.emit (events.js:214:7)
66 verbose stack     at maybeClose (internal/child_process.js:925:16)
66 verbose stack     at Socket.stream.socket.on (internal/child_process.js:346:11)
66 verbose stack     at emitOne (events.js:116:13)
66 verbose stack     at Socket.emit (events.js:211:7)
66 verbose stack     at Pipe._handle.close [as _onclose] (net.js:567:12)
67 verbose cwd /home/matej/Decent-Test/DecentNodeAppTest
68 error Linux 4.15.0-43-generic
69 error argv "/usr/bin/node" "/usr/bin/npm" "i" "npm" "install" "--save" "git+https://git@github.com/DECENTfoundation/DCoreJS-SDK"
70 error node v8.10.0
71 error npm  v3.5.2
72 error code 128
73 error Command failed: git rev-list -n1 master
73 error fatal: ambiguous argument 'master': unknown revision or path not in the working tree.
73 error Use '--' to separate paths from revisions, like this:
73 error 'git <command> [<revision>...] -- [<file>...]'
74 error If you need help, you may report this error at:
74 error     <https://github.com/npm/npm/issues>
75 verbose exit [ 1, true ]
